<?xml version="1.0" encoding="UTF-8"?>
<!-- Generated by org.testng.reporters.JUnitXMLReporter -->
<testsuite hostname="DESKTOP-VTBT3RG" ignored="4" name="Test1" tests="1" failures="0" timestamp="2022-12-31T09:39:50 IST" time="0.004" errors="0">
  <testcase name="Testcase4" time="0.001" classname="TestNgBasics.TestNgSecondClass"/>
  <testcase name="Testcase5" time="0.0" classname="TestNgBasics.TextNGfirstclass">
    <ignored/>
  </testcase> <!-- Testcase5 -->
  <testcase name="Testcase1" time="0.0" classname="TestNgBasics.TextNGfirstclass">
    <ignored/>
  </testcase> <!-- Testcase1 -->
  <testcase name="Testcase3" time="0.0" classname="TestNgBasics.TestNgSecondClass">
    <ignored/>
  </testcase> <!-- Testcase3 -->
  <testcase name="Testcase2" time="0.0" classname="TestNgBasics.TextNGfirstclass">
    <ignored/>
  </testcase> <!-- Testcase2 -->
</testsuite> <!-- Test1 -->
