<?xml version="1.0" encoding="UTF-8"?>
<!-- Generated by org.testng.reporters.JUnitXMLReporter -->
<testsuite hostname="DESKTOP-VTBT3RG" ignored="0" name="Test" tests="5" failures="1" timestamp="2022-12-31T09:43:23 IST" time="0.066" errors="0">
  <testcase name="Testcase2" time="0.005" classname="TestNgBasics.TextNGfirstclass"/>
  <testcase name="Testcase1" time="0.0" classname="TestNgBasics.TextNGfirstclass"/>
  <testcase name="Testcase5" time="0.001" classname="TestNgBasics.TextNGfirstclass"/>
  <testcase name="Testcase3" time="0.01" classname="TestNgBasics.TestNgSecondClass">
    <failure type="org.testng.internal.thread.ThreadTimeoutException" message="Method TestNgBasics.TestNgSecondClass.Testcase3() didn&amp;apos;t finish within the time-out 1">
      <![CDATA[org.testng.internal.thread.ThreadTimeoutException: Method TestNgBasics.TestNgSecondClass.Testcase3() didn't finish within the time-out 1
at java.util.ArrayList.forEach(ArrayList.java:1259)
... Removed 24 stack frames]]>
    </failure>
  </testcase> <!-- Testcase3 -->
  <testcase name="Testcase4" time="0.0" classname="TestNgBasics.TestNgSecondClass">
    <skipped/>
  </testcase> <!-- Testcase4 -->
</testsuite> <!-- Test -->
