<?xml version="1.0" encoding="UTF-8"?>
<!-- Generated by org.testng.reporters.JUnitXMLReporter -->
<testsuite hostname="DESKTOP-VTBT3RG" ignored="0" name="Test" tests="4" failures="0" timestamp="2023-01-08T09:03:33 IST" time="28.442" errors="0">
  <testcase name="LoginandLogout" time="7.468" classname="Testcase.Facebooklogin"/>
  <testcase name="LoginandLogout" time="7.312" classname="Testcase.Facebooklogin"/>
  <testcase name="LoginandLogout" time="7.918" classname="Testcase.Facebooklogin"/>
  <testcase name="Invalidlogin" time="3.76" classname="Testcase.Facebooklogin"/>
</testsuite> <!-- Test -->
