<?xml version="1.0" encoding="UTF-8"?>
<testng-results skipped="0" failed="0" ignored="0" total="4" passed="4">
  <reporter-output>
  </reporter-output>
  <suite name="Suite" duration-ms="28442" started-at="2023-01-08T09:03:05 IST" finished-at="2023-01-08T09:03:33 IST">
    <groups>
    </groups>
    <test name="Test" duration-ms="28442" started-at="2023-01-08T09:03:05 IST" finished-at="2023-01-08T09:03:33 IST">
      <class name="Testcase.Facebooklogin">
        <test-method status="PASS" signature="browserlaunch()[pri:0, instance:Testcase.Facebooklogin@e874448]" name="browserlaunch" is-config="true" duration-ms="3664" started-at="2023-01-08T09:03:01 IST" finished-at="2023-01-08T09:03:05 IST">
          <reporter-output>
          </reporter-output>
        </test-method> <!-- browserlaunch -->
        <test-method status="PASS" signature="maximize()[pri:0, instance:Testcase.Facebooklogin@e874448]" name="maximize" is-config="true" duration-ms="1011" started-at="2023-01-08T09:03:05 IST" finished-at="2023-01-08T09:03:06 IST">
          <reporter-output>
          </reporter-output>
        </test-method> <!-- maximize -->
        <test-method status="PASS" signature="LoginandLogout(java.lang.String, java.lang.String)[pri:0, instance:Testcase.Facebooklogin@e874448]" name="LoginandLogout" duration-ms="7468" started-at="2023-01-08T09:03:06 IST" data-provider="loginsheet" finished-at="2023-01-08T09:03:14 IST">
          <params>
            <param index="0">
              <value>
                <![CDATA[kumar.sathish189@gmail.com]]>
              </value>
            </param>
            <param index="1">
              <value>
                <![CDATA[Admin@123]]>
              </value>
            </param>
          </params>
          <reporter-output>
          </reporter-output>
        </test-method> <!-- LoginandLogout -->
        <test-method status="PASS" signature="Takescreenshot()[pri:0, instance:Testcase.Facebooklogin@e874448]" name="Takescreenshot" is-config="true" duration-ms="183" started-at="2023-01-08T09:03:14 IST" finished-at="2023-01-08T09:03:14 IST">
          <reporter-output>
          </reporter-output>
        </test-method> <!-- Takescreenshot -->
        <test-method status="PASS" signature="LoginandLogout(java.lang.String, java.lang.String)[pri:0, instance:Testcase.Facebooklogin@e874448]" name="LoginandLogout" duration-ms="7312" started-at="2023-01-08T09:03:14 IST" data-provider="loginsheet" finished-at="2023-01-08T09:03:21 IST">
          <params>
            <param index="0">
              <value>
                <![CDATA[kumar.sathish189@gmail.com]]>
              </value>
            </param>
            <param index="1">
              <value>
                <![CDATA[Admin@123]]>
              </value>
            </param>
          </params>
          <reporter-output>
          </reporter-output>
        </test-method> <!-- LoginandLogout -->
        <test-method status="PASS" signature="Takescreenshot()[pri:0, instance:Testcase.Facebooklogin@e874448]" name="Takescreenshot" is-config="true" duration-ms="158" started-at="2023-01-08T09:03:21 IST" finished-at="2023-01-08T09:03:21 IST">
          <reporter-output>
          </reporter-output>
        </test-method> <!-- Takescreenshot -->
        <test-method status="PASS" signature="LoginandLogout(java.lang.String, java.lang.String)[pri:0, instance:Testcase.Facebooklogin@e874448]" name="LoginandLogout" duration-ms="7918" started-at="2023-01-08T09:03:21 IST" data-provider="loginsheet" finished-at="2023-01-08T09:03:29 IST">
          <params>
            <param index="0">
              <value>
                <![CDATA[kumar.sathish189@gmail.com]]>
              </value>
            </param>
            <param index="1">
              <value>
                <![CDATA[Admin@123]]>
              </value>
            </param>
          </params>
          <reporter-output>
          </reporter-output>
        </test-method> <!-- LoginandLogout -->
        <test-method status="PASS" signature="Takescreenshot()[pri:0, instance:Testcase.Facebooklogin@e874448]" name="Takescreenshot" is-config="true" duration-ms="177" started-at="2023-01-08T09:03:29 IST" finished-at="2023-01-08T09:03:29 IST">
          <reporter-output>
          </reporter-output>
        </test-method> <!-- Takescreenshot -->
        <test-method status="PASS" signature="Invalidlogin()[pri:1, instance:Testcase.Facebooklogin@e874448]" name="Invalidlogin" duration-ms="3760" started-at="2023-01-08T09:03:29 IST" finished-at="2023-01-08T09:03:33 IST">
          <reporter-output>
          </reporter-output>
        </test-method> <!-- Invalidlogin -->
        <test-method status="PASS" signature="Takescreenshot()[pri:0, instance:Testcase.Facebooklogin@e874448]" name="Takescreenshot" is-config="true" duration-ms="146" started-at="2023-01-08T09:03:33 IST" finished-at="2023-01-08T09:03:33 IST">
          <reporter-output>
          </reporter-output>
        </test-method> <!-- Takescreenshot -->
        <test-method status="PASS" signature="teardown()[pri:0, instance:Testcase.Facebooklogin@e874448]" name="teardown" is-config="true" duration-ms="891" started-at="2023-01-08T09:03:33 IST" finished-at="2023-01-08T09:03:34 IST">
          <reporter-output>
          </reporter-output>
        </test-method> <!-- teardown -->
      </class> <!-- Testcase.Facebooklogin -->
    </test> <!-- Test -->
  </suite> <!-- Suite -->
</testng-results>
